2025-06-02 12:32:26,439 - app.utils.cache - INFO - __init__:71 - ğŸš€ Netflix Cache Manager initialized (ready for async startup)
2025-06-02 12:32:26,440 - app.utils.health - INFO - __init__:97 - ğŸ’š Netflix-Grade HealthMonitor initialized with advanced diagnostics and self-healing
2025-06-02 12:32:26,441 - app.utils.metrics - INFO - __init__:83 - ğŸ“Š Netflix-Level MetricsCollector initialized (ready for async startup)
2025-06-02 12:32:26,441 - app.utils - WARNING - <module>:35 - Metrics collector import failed: cannot import name 'MetricsCollector' from 'app.utils.metrics' (/home/runner/workspace/nr1copilot/nr1-main/app/utils/metrics.py)
2025-06-02 12:32:26,444 - app.utils - INFO - <module>:42 - âœ… PerformanceMonitor imported successfully
2025-06-02 12:32:26,445 - app.utils - INFO - <module>:103 - ğŸš€ Netflix utilities loaded: ['cache', 'health', 'performance']
2025-06-02 12:32:26,446 - app.main - INFO - __init__:58 - ğŸš€ ApplicationState created (async initialization pending)
INFO:     Started server process [1754]
INFO:     Waiting for application startup.
2025-06-02 12:32:26,453 - app.middleware.error_handler - INFO - __init__:33 - ğŸ›¡ï¸ Netflix-grade Error Handler initialized
2025-06-02 12:32:26,453 - app.middleware.performance - INFO - __init__:26 - ğŸš€ Netflix-grade Performance Middleware initialized
2025-06-02 12:32:26,453 - app.middleware.security - INFO - __init__:59 - ğŸ›¡ï¸ Netflix-grade Security Middleware initialized
2025-06-02 12:32:26,453 - app.main - INFO - lifespan:237 - ğŸš€ Starting ViralClip Pro v10.0 - Netflix Enterprise Edition
2025-06-02 12:32:26,453 - app.netflix_health_monitor - INFO - initialize:59 - ğŸ¥ NetflixHealthMonitor initialized
2025-06-02 12:32:26,453 - app.main - INFO - initialize:67 - ğŸ”„ Initializing ApplicationState components...
2025-06-02 12:32:26,454 - app.main - ERROR - initialize:76 - MetricsCollector initialization failed: 'NoneType' object is not callable
2025-06-02 12:32:26,454 - app.utils.performance_monitor - INFO - initialize:67 - ğŸ“Š PerformanceMonitor async initialization completed
2025-06-02 12:32:26,454 - app.main - INFO - initialize:84 - âœ… PerformanceMonitor initialized
2025-06-02 12:32:26,454 - app.utils.health - INFO - __init__:97 - ğŸ’š Netflix-Grade HealthMonitor initialized with advanced diagnostics and self-healing
2025-06-02 12:32:26,454 - app.utils.health - INFO - initialize:111 - âœ… HealthMonitor async initialization completed
2025-06-02 12:32:26,454 - app.main - INFO - initialize:94 - âœ… HealthMonitor initialized
2025-06-02 12:32:26,454 - app.main - INFO - initialize:100 - ğŸš€ ApplicationState async initialization completed
2025-06-02 12:32:26,454 - app.main - INFO - initialize_core_services:142 - ğŸš€ Initializing Netflix-grade services...
2025-06-02 12:32:26,454 - app.main - ERROR - initialize_core_services:183 - Service initialization error: 'NoneType' object has no attribute 'timing'
2025-06-02 12:32:26,454 - app.main - ERROR - lifespan:296 - Startup failed: 'NoneType' object has no attribute 'increment'
2025-06-02 12:32:26,454 - app.main - INFO - lifespan:304 - ğŸ”„ Initiating Netflix-grade graceful shutdown
2025-06-02 12:32:26,455 - app.utils.performance_monitor - INFO - stop_monitoring:86 - â¹ï¸ Performance monitoring stopped
2025-06-02 12:32:26,455 - app.utils.cache - INFO - shutdown:354 - ğŸ”„ Shutting down Netflix cache system...
2025-06-02 12:32:26,455 - app.utils.cache - INFO - shutdown:366 - ğŸ“Š Final cache stats: 0 hits, 0 misses
2025-06-02 12:32:26,455 - app.utils.cache - INFO - clear:299 - ğŸ§¹ Netflix cache cleared successfully
2025-06-02 12:32:26,455 - app.utils.cache - INFO - shutdown:372 - âœ… Netflix cache shutdown completed
2025-06-02 12:32:26,455 - app.main - INFO - shutdown_services:195 - ğŸ”„ Initiating Netflix-grade service shutdown...
2025-06-02 12:32:26,455 - app.main - ERROR - shutdown_services:209 - Shutdown error: 'NoneType' object has no attribute '_cleanup_old_metrics'
2025-06-02 12:32:26,455 - app.main - INFO - lifespan:320 - âœ… Netflix-grade shutdown completed
ERROR:    Traceback (most recent call last):
  File "/home/runner/workspace/nr1copilot/nr1-main/app/main.py", line 177, in initialize_core_services
    app_state.metrics.timing('startup.duration', self._startup_time)
    ^^^^^^^^^^^^^^^^^^^^^^^^
AttributeError: 'NoneType' object has no attribute 'timing'

During handling of the above exception, another exception occurred:

Traceback (most recent call last):
  File "/home/runner/workspace/nr1copilot/nr1-main/app/main.py", line 250, in lifespan
    await service_manager.initialize_core_services()
  File "/home/runner/workspace/nr1copilot/nr1-main/app/main.py", line 184, in initialize_core_services
    app_state.metrics.increment('startup.error')
    ^^^^^^^^^^^^^^^^^^^^^^^^^^^
AttributeError: 'NoneType' object has no attribute 'increment'

During handling of the above exception, another exception occurred:

Traceback (most recent call last):
  File "/home/runner/workspace/.pythonlibs/lib/python3.12/site-packages/starlette/routing.py", line 692, in lifespan
    async with self.lifespan_context(app) as maybe_state:
               ^^^^^^^^^^^^^^^^^^^^^^^^^^
  File "/nix/store/nb21sc3npfc8gvazwnrjxpvb5d48jysx-python3-3.12.7/lib/python3.12/contextlib.py", line 210, in __aenter__
    return await anext(self.gen)
           ^^^^^^^^^^^^^^^^^^^^^
  File "/home/runner/workspace/nr1copilot/nr1-main/app/main.py", line 298, in lifespan
    app_state.metrics.increment('application.startup_error')
    ^^^^^^^^^^^^^^^^^^^^^^^^^^^
AttributeError: 'NoneType' object has no attribute 'increment'

ERROR:    Application startup failed. Exiting.
2025-06-02 12:32:26,625 - app.utils.health - INFO - _periodic_health_check:150 - Health monitoring task cancelled